time="2025-06-15T03:05:56+08:00" level="warning" msg="botinit:account:0" bot="internal"
time="2025-06-15T03:05:56+08:00" level="info" msg="WebSocket server started on ws://0.0.0.0:15630/ws" force="true" module="ws-client"
time="2025-06-15T03:05:56+08:00" level="info" msg="initializing modules ..." bot="internal"
time="2025-06-15T03:05:56+08:00" level="info" msg="设置logLevel为info" log_level="info" module="me.sora233.Lsp"
time="2025-06-15T03:05:56+08:00" level="info" msg="DDBOT版本：Release版本【fix_A039】" module="me.sora233.Lsp"
time="2025-06-15T03:05:56+08:00" level="error" msg="未知的图片池" image_pool_type="" module="me.sora233.Lsp"
time="2025-06-15T03:05:56+08:00" level="error" msg="unknown proxy type" module="me.sora233.Lsp" proxy_type=""
time="2025-06-15T03:05:56+08:00" level="info" msg="已启用模板" module="me.sora233.Lsp" proxy_type=""
time="2025-06-15T03:05:56+08:00" level="info" msg="监测到<template>目录不存在，将自动创建，请将所有自定义模板放在<template>文件夹内" module="template"
time="2025-06-15T03:05:56+08:00" level="info" msg="没有发现模板文件，注意模板必须以\".tmpl\"结尾" module="template"
time="2025-06-15T03:05:56+08:00" level="info" msg="all modules initialized" bot="internal"
time="2025-06-15T03:05:56+08:00" level="info" msg="registering modules serve functions ..." bot="internal"
time="2025-06-15T03:05:56+08:00" level="info" msg="all modules serve functions registered" bot="internal"
time="2025-06-15T03:05:56+08:00" level="info" msg="starting modules tasks ..." bot="internal"
time="2025-06-15T03:05:56+08:00" level="info" msg="tasks running" bot="internal"
time="2025-06-15T03:05:56+08:00" level="info" msg="start" module="cronjob"
time="2025-06-15T03:05:56+08:00" level="error" msg="启动Concern twitcasting 失败 - 找不到 TwitCasting 配置， TC 订阅将不会启动。" module="concern"
time="2025-06-15T03:05:56+08:00" level="info" msg="B站扫码登陆已开启" module="bilibili-concern"
time="2025-06-15T03:05:56+08:00" level="warning" msg="未设置B站账户，将使用慢速模式，推荐订阅数量不超过5个，否则推送将出现较长延迟，如需更多订阅，推荐您配置使用B站账号，最高可支持2000订阅。" module="bilibili-concern"
time="2025-06-15T03:05:56+08:00" level="info" msg="DDBOT启动完成" module="me.sora233.Lsp"
time="2025-06-15T03:05:56+08:00" level="info" msg="D宝，一款真正人性化的单推BOT" module="me.sora233.Lsp"
time="2025-06-15T03:05:56+08:00" level="info" msg="您似乎正在部署全新的BOT，请通过qq对bot私聊发送</whosyourdaddy>(不含括号)获取管理员权限，然后私聊发送</help>(不含括号)开始使用您的bot" module="me.sora233.Lsp"
time="2025-06-15T03:05:56+08:00" level="info" msg="若无法识别下方二维码，请打开qrcode.png扫描~" module="bilibili-concern"
time="2025-06-15T03:05:56+08:00" level="info" msg="已生成二维码，请扫码登陆~" module="bilibili-concern"
time="2025-06-15T03:05:57+08:00" level="info" msg="更新检测完成：DDBOT有可用更新版本【fix_A040】，请前往 https://github.com/cnxysoft/DDBOT-WSa/releases 查看详细信息"
time="2025-06-15T03:06:27+08:00" level="info" msg="B站启动成功，当前使用账号：UID:3493135709637170  LV3 逸山Yatmt" module="bilibili-concern"
time="2025-06-15T03:06:27+08:00" level="info" msg="B站扫码登陆成功，请重启DDBOT-WSa" module="bilibili-concern"
time="2025-06-15T03:06:27+08:00" level="info" msg="正在退出..." module="bilibili-concern"
time="2025-06-15T03:06:36+08:00" level="warning" msg="botinit:account:0" bot="internal"
time="2025-06-15T03:06:36+08:00" level="info" msg="WebSocket server started on ws://0.0.0.0:15630/ws" force="true" module="ws-client"
time="2025-06-15T03:06:37+08:00" level="info" msg="initializing modules ..." bot="internal"
time="2025-06-15T03:06:37+08:00" level="info" msg="设置logLevel为info" log_level="info" module="me.sora233.Lsp"
time="2025-06-15T03:06:37+08:00" level="info" msg="DDBOT版本：Release版本【fix_A039】" module="me.sora233.Lsp"
time="2025-06-15T03:06:37+08:00" level="error" msg="未知的图片池" image_pool_type="" module="me.sora233.Lsp"
time="2025-06-15T03:06:37+08:00" level="error" msg="unknown proxy type" module="me.sora233.Lsp" proxy_type=""
time="2025-06-15T03:06:37+08:00" level="info" msg="已启用模板" module="me.sora233.Lsp" proxy_type=""
time="2025-06-15T03:06:37+08:00" level="info" msg="没有发现模板文件，注意模板必须以\".tmpl\"结尾" module="template"
time="2025-06-15T03:06:37+08:00" level="info" msg="all modules initialized" bot="internal"
time="2025-06-15T03:06:37+08:00" level="info" msg="registering modules serve functions ..." bot="internal"
time="2025-06-15T03:06:37+08:00" level="info" msg="all modules serve functions registered" bot="internal"
time="2025-06-15T03:06:37+08:00" level="info" msg="starting modules tasks ..." bot="internal"
time="2025-06-15T03:06:37+08:00" level="info" msg="tasks running" bot="internal"
time="2025-06-15T03:06:37+08:00" level="info" msg="start" module="cronjob"
time="2025-06-15T03:06:37+08:00" level="error" msg="启动Concern twitcasting 失败 - 找不到 TwitCasting 配置， TC 订阅将不会启动。" module="concern"
time="2025-06-15T03:06:37+08:00" level="info" msg="B站启动成功，当前使用账号：UID:3493135709637170  LV3 逸山Yatmt" module="bilibili-concern"
time="2025-06-15T03:06:37+08:00" level="info" msg="DDBOT启动完成" module="me.sora233.Lsp"
time="2025-06-15T03:06:37+08:00" level="info" msg="D宝，一款真正人性化的单推BOT" module="me.sora233.Lsp"
time="2025-06-15T03:06:37+08:00" level="info" msg="您似乎正在部署全新的BOT，请通过qq对bot私聊发送</whosyourdaddy>(不含括号)获取管理员权限，然后私聊发送</help>(不含括号)开始使用您的bot" module="me.sora233.Lsp"
time="2025-06-15T03:06:37+08:00" level="info" msg="更新检测完成：DDBOT有可用更新版本【fix_A040】，请前往 https://github.com/cnxysoft/DDBOT-WSa/releases 查看详细信息"
time="2025-06-15T03:07:26+08:00" level="warning" msg="stopping ..." bot="internal"
time="2025-06-15T03:17:07+08:00" level="warning" msg="botinit:account:0" bot="internal"
time="2025-06-15T03:17:07+08:00" level="info" msg="WebSocket server started on ws://0.0.0.0:15630/ws" force="true" module="ws-client"
time="2025-06-15T03:17:08+08:00" level="info" msg="initializing modules ..." bot="internal"
time="2025-06-15T03:17:08+08:00" level="info" msg="设置logLevel为info" log_level="info" module="me.sora233.Lsp"
time="2025-06-15T03:17:08+08:00" level="info" msg="DDBOT版本：Release版本【fix_A039】" module="me.sora233.Lsp"
time="2025-06-15T03:17:08+08:00" level="error" msg="未知的图片池" image_pool_type="" module="me.sora233.Lsp"
time="2025-06-15T03:17:08+08:00" level="error" msg="unknown proxy type" module="me.sora233.Lsp" proxy_type=""
time="2025-06-15T03:17:08+08:00" level="info" msg="已启用模板" module="me.sora233.Lsp" proxy_type=""
time="2025-06-15T03:17:08+08:00" level="info" msg="没有发现模板文件，注意模板必须以\".tmpl\"结尾" module="template"
time="2025-06-15T03:17:08+08:00" level="info" msg="all modules initialized" bot="internal"
time="2025-06-15T03:17:08+08:00" level="info" msg="registering modules serve functions ..." bot="internal"
time="2025-06-15T03:17:08+08:00" level="info" msg="all modules serve functions registered" bot="internal"
time="2025-06-15T03:17:08+08:00" level="info" msg="starting modules tasks ..." bot="internal"
time="2025-06-15T03:17:08+08:00" level="info" msg="tasks running" bot="internal"
time="2025-06-15T03:17:08+08:00" level="info" msg="start" module="cronjob"
time="2025-06-15T03:17:08+08:00" level="error" msg="启动Concern twitcasting 失败 - 找不到 TwitCasting 配置， TC 订阅将不会启动。" module="concern"
time="2025-06-15T03:17:08+08:00" level="info" msg="B站启动成功，当前使用账号：UID:3493135709637170  LV3 逸山Yatmt" module="bilibili-concern"
time="2025-06-15T03:17:08+08:00" level="info" msg="DDBOT启动完成" module="me.sora233.Lsp"
time="2025-06-15T03:17:08+08:00" level="info" msg="D宝，一款真正人性化的单推BOT" module="me.sora233.Lsp"
time="2025-06-15T03:17:08+08:00" level="info" msg="您似乎正在部署全新的BOT，请通过qq对bot私聊发送</whosyourdaddy>(不含括号)获取管理员权限，然后私聊发送</help>(不含括号)开始使用您的bot" module="me.sora233.Lsp"
time="2025-06-15T03:17:08+08:00" level="info" msg="更新检测完成：DDBOT有可用更新版本【fix_A040】，请前往 https://github.com/cnxysoft/DDBOT-WSa/releases 查看详细信息"
time="2025-06-15T03:18:32+08:00" level="warning" msg="stopping ..." bot="internal"
time="2025-06-15T03:18:36+08:00" level="warning" msg="botinit:account:0" bot="internal"
time="2025-06-15T03:18:36+08:00" level="info" msg="WebSocket server started on ws://0.0.0.0:15630/ws" force="true" module="ws-client"
time="2025-06-15T03:18:36+08:00" level="info" msg="initializing modules ..." bot="internal"
time="2025-06-15T03:18:36+08:00" level="info" msg="设置logLevel为info" log_level="info" module="me.sora233.Lsp"
time="2025-06-15T03:18:36+08:00" level="info" msg="DDBOT版本：Release版本【fix_A039】" module="me.sora233.Lsp"
time="2025-06-15T03:18:36+08:00" level="error" msg="未知的图片池" image_pool_type="" module="me.sora233.Lsp"
time="2025-06-15T03:18:36+08:00" level="error" msg="unknown proxy type" module="me.sora233.Lsp" proxy_type=""
time="2025-06-15T03:18:36+08:00" level="info" msg="已启用模板" module="me.sora233.Lsp" proxy_type=""
time="2025-06-15T03:18:36+08:00" level="info" msg="没有发现模板文件，注意模板必须以\".tmpl\"结尾" module="template"
time="2025-06-15T03:18:36+08:00" level="info" msg="all modules initialized" bot="internal"
time="2025-06-15T03:18:36+08:00" level="info" msg="registering modules serve functions ..." bot="internal"
time="2025-06-15T03:18:36+08:00" level="info" msg="all modules serve functions registered" bot="internal"
time="2025-06-15T03:18:36+08:00" level="info" msg="starting modules tasks ..." bot="internal"
time="2025-06-15T03:18:36+08:00" level="info" msg="tasks running" bot="internal"
time="2025-06-15T03:18:36+08:00" level="info" msg="start" module="cronjob"
time="2025-06-15T03:18:36+08:00" level="error" msg="启动Concern twitcasting 失败 - 找不到 TwitCasting 配置， TC 订阅将不会启动。" module="concern"
time="2025-06-15T03:18:36+08:00" level="info" msg="B站启动成功，当前使用账号：UID:3493135709637170  LV3 逸山Yatmt" module="bilibili-concern"
time="2025-06-15T03:18:36+08:00" level="info" msg="DDBOT启动完成" module="me.sora233.Lsp"
time="2025-06-15T03:18:36+08:00" level="info" msg="D宝，一款真正人性化的单推BOT" module="me.sora233.Lsp"
time="2025-06-15T03:18:36+08:00" level="info" msg="您似乎正在部署全新的BOT，请通过qq对bot私聊发送</whosyourdaddy>(不含括号)获取管理员权限，然后私聊发送</help>(不含括号)开始使用您的bot" module="me.sora233.Lsp"
time="2025-06-15T03:18:37+08:00" level="info" msg="更新检测完成：DDBOT有可用更新版本【fix_A040】，请前往 https://github.com/cnxysoft/DDBOT-WSa/releases 查看详细信息"
time="2025-06-15T03:20:09+08:00" level="warning" msg="stopping ..." bot="internal"
time="2025-06-15T03:20:13+08:00" level="warning" msg="botinit:account:0" bot="internal"
time="2025-06-15T03:20:13+08:00" level="info" msg="WebSocket reverse started on ws://localhost:3001" force="true" module="ws-client"
time="2025-06-15T03:20:13+08:00" level="info" msg="initializing modules ..." bot="internal"
time="2025-06-15T03:20:13+08:00" level="info" msg="设置logLevel为info" log_level="info" module="me.sora233.Lsp"
time="2025-06-15T03:20:13+08:00" level="info" msg="DDBOT版本：Release版本【fix_A039】" module="me.sora233.Lsp"
time="2025-06-15T03:20:13+08:00" level="error" msg="未知的图片池" image_pool_type="" module="me.sora233.Lsp"
time="2025-06-15T03:20:13+08:00" level="error" msg="unknown proxy type" module="me.sora233.Lsp" proxy_type=""
time="2025-06-15T03:20:13+08:00" level="info" msg="已启用模板" module="me.sora233.Lsp" proxy_type=""
time="2025-06-15T03:20:13+08:00" level="info" msg="没有发现模板文件，注意模板必须以\".tmpl\"结尾" module="template"
time="2025-06-15T03:20:13+08:00" level="info" msg="all modules initialized" bot="internal"
time="2025-06-15T03:20:13+08:00" level="info" msg="registering modules serve functions ..." bot="internal"
time="2025-06-15T03:20:13+08:00" level="info" msg="all modules serve functions registered" bot="internal"
time="2025-06-15T03:20:13+08:00" level="info" msg="starting modules tasks ..." bot="internal"
time="2025-06-15T03:20:13+08:00" level="info" msg="tasks running" bot="internal"
time="2025-06-15T03:20:13+08:00" level="info" msg="start" module="cronjob"
time="2025-06-15T03:20:13+08:00" level="error" msg="启动Concern twitcasting 失败 - 找不到 TwitCasting 配置， TC 订阅将不会启动。" module="concern"
time="2025-06-15T03:20:13+08:00" level="info" msg="B站启动成功，当前使用账号：UID:3493135709637170  LV3 逸山Yatmt" module="bilibili-concern"
time="2025-06-15T03:20:13+08:00" level="info" msg="DDBOT启动完成" module="me.sora233.Lsp"
time="2025-06-15T03:20:13+08:00" level="info" msg="D宝，一款真正人性化的单推BOT" module="me.sora233.Lsp"
time="2025-06-15T03:20:13+08:00" level="info" msg="您似乎正在部署全新的BOT，请通过qq对bot私聊发送</whosyourdaddy>(不含括号)获取管理员权限，然后私聊发送</help>(不含括号)开始使用您的bot" module="me.sora233.Lsp"
time="2025-06-15T03:20:14+08:00" level="info" msg="更新检测完成：DDBOT有可用更新版本【fix_A040】，请前往 https://github.com/cnxysoft/DDBOT-WSa/releases 查看详细信息"
time="2025-06-15T03:23:21+08:00" level="warning" msg="botinit:account:0" bot="internal"
time="2025-06-15T03:23:21+08:00" level="info" msg="WebSocket reverse started on ws://localhost:3001" force="true" module="ws-client"
time="2025-06-15T03:23:22+08:00" level="info" msg="initializing modules ..." bot="internal"
time="2025-06-15T03:23:22+08:00" level="info" msg="设置logLevel为info" log_level="info" module="me.sora233.Lsp"
time="2025-06-15T03:23:22+08:00" level="info" msg="DDBOT版本：Release版本【fix_A039】" module="me.sora233.Lsp"
time="2025-06-15T03:23:22+08:00" level="error" msg="未知的图片池" image_pool_type="" module="me.sora233.Lsp"
time="2025-06-15T03:23:22+08:00" level="error" msg="unknown proxy type" module="me.sora233.Lsp" proxy_type=""
time="2025-06-15T03:23:22+08:00" level="info" msg="已启用模板" module="me.sora233.Lsp" proxy_type=""
time="2025-06-15T03:23:22+08:00" level="info" msg="没有发现模板文件，注意模板必须以\".tmpl\"结尾" module="template"
time="2025-06-15T03:23:22+08:00" level="info" msg="all modules initialized" bot="internal"
time="2025-06-15T03:23:22+08:00" level="info" msg="registering modules serve functions ..." bot="internal"
time="2025-06-15T03:23:22+08:00" level="info" msg="all modules serve functions registered" bot="internal"
time="2025-06-15T03:23:22+08:00" level="info" msg="starting modules tasks ..." bot="internal"
time="2025-06-15T03:23:22+08:00" level="info" msg="tasks running" bot="internal"
time="2025-06-15T03:23:22+08:00" level="info" msg="start" module="cronjob"
time="2025-06-15T03:23:22+08:00" level="error" msg="启动Concern twitcasting 失败 - 找不到 TwitCasting 配置， TC 订阅将不会启动。" module="concern"
time="2025-06-15T03:23:22+08:00" level="info" msg="B站启动成功，当前使用账号：UID:3493135709637170  LV3 逸山Yatmt" module="bilibili-concern"
time="2025-06-15T03:23:22+08:00" level="info" msg="DDBOT启动完成" module="me.sora233.Lsp"
time="2025-06-15T03:23:22+08:00" level="info" msg="D宝，一款真正人性化的单推BOT" module="me.sora233.Lsp"
time="2025-06-15T03:23:22+08:00" level="info" msg="您似乎正在部署全新的BOT，请通过qq对bot私聊发送</whosyourdaddy>(不含括号)获取管理员权限，然后私聊发送</help>(不含括号)开始使用您的bot" module="me.sora233.Lsp"
time="2025-06-15T03:23:22+08:00" level="info" msg="更新检测完成：DDBOT有可用更新版本【fix_A040】，请前往 https://github.com/cnxysoft/DDBOT-WSa/releases 查看详细信息"
time="2025-06-15T03:25:10+08:00" level="warning" msg="stopping ..." bot="internal"
time="2025-06-15T03:25:10+08:00" level="info" msg="stop" module="cronjob"
time="2025-06-15T03:25:10+08:00" level="info" msg="stopped" bot="internal"
time="2025-06-15T03:25:14+08:00" level="warning" msg="botinit:account:0" bot="internal"
time="2025-06-15T03:25:14+08:00" level="info" msg="WebSocket server started on ws://0.0.0.0:15630/ws" force="true" module="ws-client"
time="2025-06-15T03:25:14+08:00" level="fatal" msg="listen tcp 0.0.0.0:15630: bind: Only one usage of each socket address (protocol/network address/port) is normally permitted." module="ws-client"
time="2025-06-15T03:27:32+08:00" level="warning" msg="botinit:account:0" bot="internal"
time="2025-06-15T03:27:32+08:00" level="info" msg="WebSocket server started on ws://0.0.0.0:15630/ws" force="true" module="ws-client"
time="2025-06-15T03:27:32+08:00" level="info" msg="initializing modules ..." bot="internal"
time="2025-06-15T03:27:32+08:00" level="info" msg="设置logLevel为info" log_level="info" module="me.sora233.Lsp"
time="2025-06-15T03:27:32+08:00" level="info" msg="DDBOT版本：Release版本【fix_A039】" module="me.sora233.Lsp"
time="2025-06-15T03:27:32+08:00" level="error" msg="未知的图片池" image_pool_type="" module="me.sora233.Lsp"
time="2025-06-15T03:27:32+08:00" level="error" msg="unknown proxy type" module="me.sora233.Lsp" proxy_type=""
time="2025-06-15T03:27:32+08:00" level="info" msg="已启用模板" module="me.sora233.Lsp" proxy_type=""
time="2025-06-15T03:27:32+08:00" level="info" msg="没有发现模板文件，注意模板必须以\".tmpl\"结尾" module="template"
time="2025-06-15T03:27:32+08:00" level="info" msg="all modules initialized" bot="internal"
time="2025-06-15T03:27:32+08:00" level="info" msg="registering modules serve functions ..." bot="internal"
time="2025-06-15T03:27:32+08:00" level="info" msg="all modules serve functions registered" bot="internal"
time="2025-06-15T03:27:32+08:00" level="info" msg="starting modules tasks ..." bot="internal"
time="2025-06-15T03:27:32+08:00" level="info" msg="tasks running" bot="internal"
time="2025-06-15T03:27:32+08:00" level="info" msg="start" module="cronjob"
time="2025-06-15T03:27:32+08:00" level="error" msg="启动Concern twitcasting 失败 - 找不到 TwitCasting 配置， TC 订阅将不会启动。" module="concern"
time="2025-06-15T03:27:32+08:00" level="info" msg="B站启动成功，当前使用账号：UID:3493135709637170  LV3 逸山Yatmt" module="bilibili-concern"
time="2025-06-15T03:27:32+08:00" level="info" msg="DDBOT启动完成" module="me.sora233.Lsp"
time="2025-06-15T03:27:32+08:00" level="info" msg="D宝，一款真正人性化的单推BOT" module="me.sora233.Lsp"
time="2025-06-15T03:27:32+08:00" level="info" msg="您似乎正在部署全新的BOT，请通过qq对bot私聊发送</whosyourdaddy>(不含括号)获取管理员权限，然后私聊发送</help>(不含括号)开始使用您的bot" module="me.sora233.Lsp"
time="2025-06-15T03:27:33+08:00" level="info" msg="更新检测完成：DDBOT有可用更新版本【fix_A040】，请前往 https://github.com/cnxysoft/DDBOT-WSa/releases 查看详细信息"
time="2025-06-15T03:30:14+08:00" level="warning" msg="stopping ..." bot="internal"
time="2025-06-15T03:30:14+08:00" level="info" msg="stop" module="cronjob"
time="2025-06-15T03:30:14+08:00" level="info" msg="stopped" bot="internal"
time="2025-06-15T03:30:17+08:00" level="warning" msg="botinit:account:0" bot="internal"
time="2025-06-15T03:30:17+08:00" level="info" msg="WebSocket reverse started on ws://localhost:3001" force="true" module="ws-client"
time="2025-06-15T03:30:17+08:00" level="info" msg="initializing modules ..." bot="internal"
time="2025-06-15T03:30:17+08:00" level="info" msg="设置logLevel为info" log_level="info" module="me.sora233.Lsp"
time="2025-06-15T03:30:17+08:00" level="info" msg="DDBOT版本：Release版本【fix_A039】" module="me.sora233.Lsp"
time="2025-06-15T03:30:17+08:00" level="error" msg="未知的图片池" image_pool_type="" module="me.sora233.Lsp"
time="2025-06-15T03:30:17+08:00" level="error" msg="unknown proxy type" module="me.sora233.Lsp" proxy_type=""
time="2025-06-15T03:30:17+08:00" level="info" msg="已启用模板" module="me.sora233.Lsp" proxy_type=""
time="2025-06-15T03:30:17+08:00" level="info" msg="没有发现模板文件，注意模板必须以\".tmpl\"结尾" module="template"
time="2025-06-15T03:30:17+08:00" level="info" msg="all modules initialized" bot="internal"
time="2025-06-15T03:30:17+08:00" level="info" msg="registering modules serve functions ..." bot="internal"
time="2025-06-15T03:30:17+08:00" level="info" msg="all modules serve functions registered" bot="internal"
time="2025-06-15T03:30:17+08:00" level="info" msg="starting modules tasks ..." bot="internal"
time="2025-06-15T03:30:17+08:00" level="info" msg="tasks running" bot="internal"
time="2025-06-15T03:30:17+08:00" level="info" msg="start" module="cronjob"
time="2025-06-15T03:30:17+08:00" level="error" msg="启动Concern twitcasting 失败 - 找不到 TwitCasting 配置， TC 订阅将不会启动。" module="concern"
time="2025-06-15T03:30:17+08:00" level="info" msg="B站启动成功，当前使用账号：UID:3493135709637170  LV3 逸山Yatmt" module="bilibili-concern"
time="2025-06-15T03:30:17+08:00" level="info" msg="DDBOT启动完成" module="me.sora233.Lsp"
time="2025-06-15T03:30:17+08:00" level="info" msg="D宝，一款真正人性化的单推BOT" module="me.sora233.Lsp"
time="2025-06-15T03:30:17+08:00" level="info" msg="您似乎正在部署全新的BOT，请通过qq对bot私聊发送</whosyourdaddy>(不含括号)获取管理员权限，然后私聊发送</help>(不含括号)开始使用您的bot" module="me.sora233.Lsp"
time="2025-06-15T03:30:18+08:00" level="info" msg="更新检测完成：DDBOT有可用更新版本【fix_A040】，请前往 https://github.com/cnxysoft/DDBOT-WSa/releases 查看详细信息"
time="2025-06-15T03:31:11+08:00" level="warning" msg="stopping ..." bot="internal"
time="2025-06-15T03:31:11+08:00" level="info" msg="stop" module="cronjob"
time="2025-06-15T03:31:14+08:00" level="warning" msg="botinit:account:0" bot="internal"
time="2025-06-15T03:31:14+08:00" level="info" msg="WebSocket reverse started on ws://localhost:3001" force="true" module="ws-client"
time="2025-06-15T03:31:15+08:00" level="info" msg="initializing modules ..." bot="internal"
time="2025-06-15T03:31:15+08:00" level="info" msg="设置logLevel为info" log_level="info" module="me.sora233.Lsp"
time="2025-06-15T03:31:15+08:00" level="info" msg="DDBOT版本：Release版本【fix_A039】" module="me.sora233.Lsp"
time="2025-06-15T03:31:15+08:00" level="error" msg="未知的图片池" image_pool_type="" module="me.sora233.Lsp"
time="2025-06-15T03:31:15+08:00" level="error" msg="unknown proxy type" module="me.sora233.Lsp" proxy_type=""
time="2025-06-15T03:31:15+08:00" level="info" msg="已启用模板" module="me.sora233.Lsp" proxy_type=""
time="2025-06-15T03:31:15+08:00" level="info" msg="没有发现模板文件，注意模板必须以\".tmpl\"结尾" module="template"
time="2025-06-15T03:31:15+08:00" level="info" msg="all modules initialized" bot="internal"
time="2025-06-15T03:31:15+08:00" level="info" msg="registering modules serve functions ..." bot="internal"
time="2025-06-15T03:31:15+08:00" level="info" msg="all modules serve functions registered" bot="internal"
time="2025-06-15T03:31:15+08:00" level="info" msg="starting modules tasks ..." bot="internal"
time="2025-06-15T03:31:15+08:00" level="info" msg="tasks running" bot="internal"
time="2025-06-15T03:31:15+08:00" level="info" msg="start" module="cronjob"
time="2025-06-15T03:31:15+08:00" level="error" msg="启动Concern twitcasting 失败 - 找不到 TwitCasting 配置， TC 订阅将不会启动。" module="concern"
time="2025-06-15T03:31:15+08:00" level="info" msg="B站启动成功，当前使用账号：UID:3493135709637170  LV3 逸山Yatmt" module="bilibili-concern"
time="2025-06-15T03:31:15+08:00" level="info" msg="DDBOT启动完成" module="me.sora233.Lsp"
time="2025-06-15T03:31:15+08:00" level="info" msg="D宝，一款真正人性化的单推BOT" module="me.sora233.Lsp"
time="2025-06-15T03:31:15+08:00" level="info" msg="您似乎正在部署全新的BOT，请通过qq对bot私聊发送</whosyourdaddy>(不含括号)获取管理员权限，然后私聊发送</help>(不含括号)开始使用您的bot" module="me.sora233.Lsp"
time="2025-06-15T03:31:15+08:00" level="info" msg="更新检测完成：DDBOT有可用更新版本【fix_A040】，请前往 https://github.com/cnxysoft/DDBOT-WSa/releases 查看详细信息"
time="2025-06-15T03:31:28+08:00" level="warning" msg="stopping ..." bot="internal"
